\BOOKMARK [1][-]{section.1}{1 INTRODU\307\303O}{}% 1
\BOOKMARK [2][-]{subsection.1.1}{1.1 Objetivos}{section.1}% 2
\BOOKMARK [3][-]{subsubsection.1.1.1}{1.1.1 Objetivo geral}{subsection.1.1}% 3
\BOOKMARK [3][-]{subsubsection.1.1.2}{1.1.2 Objetivos espec\355ficos}{subsection.1.1}% 4
\BOOKMARK [2][-]{subsection.1.2}{1.2 Organiza\347\343o deste trabalho}{section.1}% 5
\BOOKMARK [1][-]{section.2}{2 REFERENCIAL TE\323RICO}{}% 6
\BOOKMARK [2][-]{subsection.2.1}{2.1 A triangula\347\343o de Delaunay e o diagrama de Voronoi}{section.2}% 7
\BOOKMARK [3][-]{subsubsection.2.1.1}{2.1.1 Considera\347\365es iniciais}{subsection.2.1}% 8
\BOOKMARK [3][-]{subsubsection.2.1.2}{2.1.2 Manuten\347\343o da triangula\347\343o de Delaunay - Algoritmo de Lawson}{subsection.2.1}% 9
\BOOKMARK [3][-]{subsubsection.2.1.3}{2.1.3 Constru\347\343o da triangula\347\343o de Delaunay - Algoritmo de Green-Sibson}{subsection.2.1}% 10
\BOOKMARK [3][-]{subsubsection.2.1.4}{2.1.4 Refinamento de Delaunay}{subsection.2.1}% 11
\BOOKMARK [3][-]{subsubsection.2.1.5}{2.1.5 Resumo}{subsection.2.1}% 12
\BOOKMARK [2][-]{subsection.2.2}{2.2 Discretiza\347\343o da equa\347\343o do calor}{section.2}% 13
\BOOKMARK [3][-]{subsubsection.2.2.1}{2.2.1 Considera\347\365es iniciais}{subsection.2.2}% 14
\BOOKMARK [3][-]{subsubsection.2.2.2}{2.2.2 Equa\347\343o do calor}{subsection.2.2}% 15
\BOOKMARK [3][-]{subsubsection.2.2.3}{2.2.3 Discretiza\347\343o da equa\347\343o do calor com o diagrama de Voronoi}{subsection.2.2}% 16
\BOOKMARK [3][-]{subsubsection.2.2.4}{2.2.4 Resumo}{subsection.2.2}% 17
\BOOKMARK [2][-]{subsection.2.3}{2.3 O m\351todo dos gradientes conjugados}{section.2}% 18
\BOOKMARK [3][-]{subsubsection.2.3.1}{2.3.1 Considera\347\365es iniciais}{subsection.2.3}% 19
\BOOKMARK [3][-]{subsubsection.2.3.2}{2.3.2 Otimiza\347\343o para resolu\347\343o de sistemas lineares}{subsection.2.3}% 20
\BOOKMARK [3][-]{subsubsection.2.3.3}{2.3.3 Defini\347\343o do m\351todo}{subsection.2.3}% 21
\BOOKMARK [3][-]{subsubsection.2.3.4}{2.3.4 Pr\351-condicionamento}{subsection.2.3}% 22
\BOOKMARK [3][-]{subsubsection.2.3.5}{2.3.5 Cuthill-McKee reverso}{subsection.2.3}% 23
\BOOKMARK [3][-]{subsubsection.2.3.6}{2.3.6 Resumo}{subsection.2.3}% 24
\BOOKMARK [2][-]{subsection.2.4}{2.4 Suaviza\347\343o laplaciana}{section.2}% 25
\BOOKMARK [2][-]{subsection.2.5}{2.5 Malhas m\363veis}{section.2}% 26
\BOOKMARK [3][-]{subsubsection.2.5.1}{2.5.1 Considera\347\365es iniciais}{subsection.2.5}% 27
\BOOKMARK [3][-]{subsubsection.2.5.2}{2.5.2 Adaptatividade}{subsection.2.5}% 28
\BOOKMARK [3][-]{subsubsection.2.5.3}{2.5.3 Princ\355pio da equidistribui\347\343o}{subsection.2.5}% 29
\BOOKMARK [3][-]{subsubsection.2.5.4}{2.5.4 Computa\347\343o em malhas m\363veis}{subsection.2.5}% 30
\BOOKMARK [3][-]{subsubsection.2.5.5}{2.5.5 Uma revis\343o de m\351todos de malhas m\363veis}{subsection.2.5}% 31
\BOOKMARK [3][-]{subsubsection.2.5.6}{2.5.6 Trabalhos que utilizam a suaviza\347\343o laplaciana}{subsection.2.5}% 32
\BOOKMARK [3][-]{subsubsection.2.5.7}{2.5.7 Trabalhos que realizam movimento de v\351rtices baseado na formula\347\343o laplaciana}{subsection.2.5}% 33
\BOOKMARK [3][-]{subsubsection.2.5.8}{2.5.8 Resumo}{subsection.2.5}% 34
\BOOKMARK [2][-]{subsection.2.6}{2.6 M\351trica geom\351trica da qualidade da malha}{section.2}% 35
\BOOKMARK [1][-]{section.3}{3 DESCRI\307\303O DO PROJETO COMPUTACIONAL PARA A SOLU\307\303O DA EQUA\307\303O DE CONDU\307\303O DO CALOR}{}% 36
\BOOKMARK [2][-]{subsection.3.1}{3.1 Aritm\351tica de precis\343o arbitr\341ria}{section.3}% 37
\BOOKMARK [2][-]{subsection.3.2}{3.2 Cria\347\343o da malha inicial}{section.3}% 38
\BOOKMARK [2][-]{subsection.3.3}{3.3 Refinamento de Delaunay}{section.3}% 39
\BOOKMARK [2][-]{subsection.3.4}{3.4 Resolu\347\343o da equa\347\343o de condu\347\343o do calor por discretiza\347\365es de volumes finitos na malha inicial}{section.3}% 40
\BOOKMARK [2][-]{subsection.3.5}{3.5 Movimento dos v\351rtices}{section.3}% 41
\BOOKMARK [2][-]{subsection.3.6}{3.6 Resumo}{section.3}% 42
\BOOKMARK [1][-]{section.4}{4 TESTES EXPERIMENTAIS E DISCUSS\303O DOS RESULTADOS}{}% 43
\BOOKMARK [2][-]{subsection.4.1}{4.1 Comparativo fun\347\365es monitoras}{section.4}% 44
\BOOKMARK [2][-]{subsection.4.2}{4.2 Organiza\347\343o e discuss\343o dos resultados}{section.4}% 45
\BOOKMARK [1][-]{section.5}{5 CONCLUS\303O E PROPOSTAS DE TRABALHOS FUTUROS}{}% 46
\BOOKMARK [1][-]{section.5}{ REFER\312NCIAS}{}% 47
